app/build/intermediates/manifest_merge_blame_file/debug/processDebugMainManifest/manifest-merger-blame-debug-report.txt
1<?xml version="1.0" encoding="utf-8"?>
2<manifest xmlns:android="http://schemas.android.com/apk/res/android"
3    package="com.kundaliai.app"
4    android:versionCode="1"
5    android:versionName="1.0.0" >
6
7    <uses-sdk
8        android:minSdkVersion="24"
9        android:targetSdkVersion="35" />
10
11    <uses-permission android:name="android.permission.INTERNET" />
11-->src/main/AndroidManifest.xml:5:5-67
11-->src/main/AndroidManifest.xml:5:22-64
12    <uses-permission android:name="android.permission.ACCESS_NETWORK_STATE" />
12-->src/main/AndroidManifest.xml:6:5-79
12-->src/main/AndroidManifest.xml:6:22-76
13    <uses-permission android:name="com.android.vending.BILLING" />
13-->src/main/AndroidManifest.xml:7:5-67
13-->src/main/AndroidManifest.xml:7:22-64
14
15    <queries>
15-->[com.android.billingclient:billing:6.2.1] AndroidManifest.xml:12:5-16:15
16        <intent>
16-->[com.android.billingclient:billing:6.2.1] AndroidManifest.xml:13:9-15:18
17            <action android:name="com.android.vending.billing.InAppBillingService.BIND" />
17-->[com.android.billingclient:billing:6.2.1] AndroidManifest.xml:14:13-91
17-->[com.android.billingclient:billing:6.2.1] AndroidManifest.xml:14:21-88
18        </intent>
19        <!-- For browser content -->
20        <intent>
20-->[com.google.android.gms:play-services-ads-lite:23.2.0] AndroidManifest.xml:38:9-44:18
21            <action android:name="android.intent.action.VIEW" />
21-->[com.google.android.gms:play-services-ads-lite:23.2.0] AndroidManifest.xml:39:13-65
21-->[com.google.android.gms:play-services-ads-lite:23.2.0] AndroidManifest.xml:39:21-62
22
23            <category android:name="android.intent.category.BROWSABLE" />
23-->[com.google.android.gms:play-services-ads-lite:23.2.0] AndroidManifest.xml:41:13-74
23-->[com.google.android.gms:play-services-ads-lite:23.2.0] AndroidManifest.xml:41:23-71
24
25            <data android:scheme="https" />
25-->[com.google.android.gms:play-services-ads-lite:23.2.0] AndroidManifest.xml:43:13-44
25-->[com.google.android.gms:play-services-ads-lite:23.2.0] AndroidManifest.xml:43:19-41
26        </intent> <!-- End of browser content -->
27        <!-- For CustomTabsService -->
28        <intent>
28-->[com.google.android.gms:play-services-ads-lite:23.2.0] AndroidManifest.xml:47:9-49:18
29            <action android:name="android.support.customtabs.action.CustomTabsService" />
29-->[com.google.android.gms:play-services-ads-lite:23.2.0] AndroidManifest.xml:48:13-90
29-->[com.google.android.gms:play-services-ads-lite:23.2.0] AndroidManifest.xml:48:21-87
30        </intent>
31    </queries>
32
33    <uses-permission android:name="com.google.android.gms.permission.AD_ID" />
33-->[com.google.android.gms:play-services-ads-lite:23.2.0] AndroidManifest.xml:26:5-79
33-->[com.google.android.gms:play-services-ads-lite:23.2.0] AndroidManifest.xml:26:22-76
34    <uses-permission android:name="android.permission.ACCESS_ADSERVICES_AD_ID" />
34-->[com.google.android.gms:play-services-ads-lite:23.2.0] AndroidManifest.xml:27:5-82
34-->[com.google.android.gms:play-services-ads-lite:23.2.0] AndroidManifest.xml:27:22-79
35    <uses-permission android:name="android.permission.ACCESS_ADSERVICES_ATTRIBUTION" />
35-->[com.google.android.gms:play-services-ads-lite:23.2.0] AndroidManifest.xml:28:5-88
35-->[com.google.android.gms:play-services-ads-lite:23.2.0] AndroidManifest.xml:28:22-85
36    <uses-permission android:name="android.permission.ACCESS_ADSERVICES_TOPICS" />
36-->[com.google.android.gms:play-services-ads-lite:23.2.0] AndroidManifest.xml:29:5-83
36-->[com.google.android.gms:play-services-ads-lite:23.2.0] AndroidManifest.xml:29:22-80
37    <uses-permission android:name="android.permission.WAKE_LOCK" />
37-->[com.google.android.gms:play-services-measurement-sdk-api:20.1.2] AndroidManifest.xml:25:5-68
37-->[com.google.android.gms:play-services-measurement-sdk-api:20.1.2] AndroidManifest.xml:25:22-65
38    <uses-permission android:name="android.permission.FOREGROUND_SERVICE" />
38-->[androidx.work:work-runtime:2.7.0] AndroidManifest.xml:28:5-77
38-->[androidx.work:work-runtime:2.7.0] AndroidManifest.xml:28:22-74
39
40    <permission
40-->[androidx.core:core:1.13.1] AndroidManifest.xml:22:5-24:47
41        android:name="com.kundaliai.app.DYNAMIC_RECEIVER_NOT_EXPORTED_PERMISSION"
41-->[androidx.core:core:1.13.1] AndroidManifest.xml:23:9-81
42        android:protectionLevel="signature" />
42-->[androidx.core:core:1.13.1] AndroidManifest.xml:24:9-44
43
44    <uses-permission android:name="com.kundaliai.app.DYNAMIC_RECEIVER_NOT_EXPORTED_PERMISSION" />
44-->[androidx.core:core:1.13.1] AndroidManifest.xml:26:5-97
44-->[androidx.core:core:1.13.1] AndroidManifest.xml:26:22-94
45
46    <application
46-->src/main/AndroidManifest.xml:9:5-64:19
47        android:allowBackup="false"
47-->src/main/AndroidManifest.xml:10:9-36
48        android:appComponentFactory="androidx.core.app.CoreComponentFactory"
48-->[androidx.core:core:1.13.1] AndroidManifest.xml:28:18-86
49        android:dataExtractionRules="@xml/data_extraction_rules"
49-->src/main/AndroidManifest.xml:11:9-65
50        android:debuggable="true"
51        android:extractNativeLibs="false"
52        android:fullBackupContent="@xml/backup_rules"
52-->src/main/AndroidManifest.xml:12:9-54
53        android:icon="@drawable/ic_launcher"
53-->src/main/AndroidManifest.xml:13:9-45
54        android:label="@string/app_name"
54-->src/main/AndroidManifest.xml:14:9-41
55        android:networkSecurityConfig="@xml/network_security_config"
55-->src/main/AndroidManifest.xml:18:9-69
56        android:roundIcon="@drawable/ic_launcher_round"
56-->src/main/AndroidManifest.xml:15:9-56
57        android:supportsRtl="true"
57-->src/main/AndroidManifest.xml:16:9-35
58        android:theme="@style/Theme.KundaliAI" >
58-->src/main/AndroidManifest.xml:17:9-47
59
60        <!-- AdMob App ID -->
61        <meta-data
61-->src/main/AndroidManifest.xml:22:9-24:52
62            android:name="com.google.android.gms.ads.APPLICATION_ID"
62-->src/main/AndroidManifest.xml:23:13-69
63            android:value="@string/admob_app_id" />
63-->src/main/AndroidManifest.xml:24:13-49
64
65        <!-- Disable Automatic Initialization for better control -->
66        <meta-data
66-->src/main/AndroidManifest.xml:27:9-29:36
67            android:name="com.google.android.gms.ads.flag.OPTIMIZE_INITIALIZATION"
67-->src/main/AndroidManifest.xml:28:13-83
68            android:value="true" />
68-->src/main/AndroidManifest.xml:29:13-33
69
70        <activity
70-->src/main/AndroidManifest.xml:31:9-40:20
71            android:name="com.kundaliai.app.ui.splash.SplashActivity"
71-->src/main/AndroidManifest.xml:32:13-53
72            android:exported="true"
72-->src/main/AndroidManifest.xml:33:13-36
73            android:screenOrientation="portrait"
73-->src/main/AndroidManifest.xml:35:13-49
74            android:theme="@style/Theme.KundaliAI.Splash" >
74-->src/main/AndroidManifest.xml:34:13-58
75            <intent-filter>
75-->src/main/AndroidManifest.xml:36:13-39:29
76                <action android:name="android.intent.action.MAIN" />
76-->src/main/AndroidManifest.xml:37:17-69
76-->src/main/AndroidManifest.xml:37:25-66
77
78                <category android:name="android.intent.category.LAUNCHER" />
78-->src/main/AndroidManifest.xml:38:17-77
78-->src/main/AndroidManifest.xml:38:27-74
79            </intent-filter>
80        </activity>
81        <activity
81-->src/main/AndroidManifest.xml:42:9-46:58
82            android:name="com.kundaliai.app.ui.home.HomeActivity"
82-->src/main/AndroidManifest.xml:43:13-49
83            android:exported="false"
83-->src/main/AndroidManifest.xml:44:13-37
84            android:screenOrientation="portrait"
84-->src/main/AndroidManifest.xml:45:13-49
85            android:windowSoftInputMode="adjustResize" />
85-->src/main/AndroidManifest.xml:46:13-55
86        <activity
86-->src/main/AndroidManifest.xml:48:9-52:58
87            android:name="com.kundaliai.app.ui.form.KundaliFormActivity"
87-->src/main/AndroidManifest.xml:49:13-56
88            android:exported="false"
88-->src/main/AndroidManifest.xml:50:13-37
89            android:screenOrientation="portrait"
89-->src/main/AndroidManifest.xml:51:13-49
90            android:windowSoftInputMode="adjustResize" />
90-->src/main/AndroidManifest.xml:52:13-55
91        <activity
91-->src/main/AndroidManifest.xml:54:9-57:52
92            android:name="com.kundaliai.app.ui.result.ResultActivity"
92-->src/main/AndroidManifest.xml:55:13-53
93            android:exported="false"
93-->src/main/AndroidManifest.xml:56:13-37
94            android:screenOrientation="portrait" />
94-->src/main/AndroidManifest.xml:57:13-49
95        <activity
95-->src/main/AndroidManifest.xml:59:9-62:52
96            android:name="com.kundaliai.app.ui.webview.WebViewActivity"
96-->src/main/AndroidManifest.xml:60:13-55
97            android:exported="false"
97-->src/main/AndroidManifest.xml:61:13-37
98            android:screenOrientation="portrait" />
98-->src/main/AndroidManifest.xml:62:13-49
99
100        <meta-data
100-->[com.android.billingclient:billing:6.2.1] AndroidManifest.xml:19:9-21:37
101            android:name="com.google.android.play.billingclient.version"
101-->[com.android.billingclient:billing:6.2.1] AndroidManifest.xml:20:13-73
102            android:value="6.2.1" />
102-->[com.android.billingclient:billing:6.2.1] AndroidManifest.xml:21:13-34
103
104        <activity
104-->[com.android.billingclient:billing:6.2.1] AndroidManifest.xml:23:9-27:75
105            android:name="com.android.billingclient.api.ProxyBillingActivity"
105-->[com.android.billingclient:billing:6.2.1] AndroidManifest.xml:24:13-78
106            android:configChanges="keyboard|keyboardHidden|screenLayout|screenSize|orientation"
106-->[com.android.billingclient:billing:6.2.1] AndroidManifest.xml:25:13-96
107            android:exported="false"
107-->[com.android.billingclient:billing:6.2.1] AndroidManifest.xml:26:13-37
108            android:theme="@android:style/Theme.Translucent.NoTitleBar" />
108-->[com.android.billingclient:billing:6.2.1] AndroidManifest.xml:27:13-72
109        <activity
109-->[com.android.billingclient:billing:6.2.1] AndroidManifest.xml:28:9-32:75
110            android:name="com.android.billingclient.api.ProxyBillingActivityV2"
110-->[com.android.billingclient:billing:6.2.1] AndroidManifest.xml:29:13-80
111            android:configChanges="keyboard|keyboardHidden|screenLayout|screenSize|orientation"
111-->[com.android.billingclient:billing:6.2.1] AndroidManifest.xml:30:13-96
112            android:exported="false"
112-->[com.android.billingclient:billing:6.2.1] AndroidManifest.xml:31:13-37
113            android:theme="@android:style/Theme.Translucent.NoTitleBar" /> <!-- Include the AdActivity and InAppPurchaseActivity configChanges and themes. -->
113-->[com.android.billingclient:billing:6.2.1] AndroidManifest.xml:32:13-72
114        <activity
114-->[com.google.android.gms:play-services-ads-lite:23.2.0] AndroidManifest.xml:56:9-61:43
115            android:name="com.google.android.gms.ads.AdActivity"
115-->[com.google.android.gms:play-services-ads-lite:23.2.0] AndroidManifest.xml:57:13-65
116            android:configChanges="keyboard|keyboardHidden|orientation|screenLayout|uiMode|screenSize|smallestScreenSize"
116-->[com.google.android.gms:play-services-ads-lite:23.2.0] AndroidManifest.xml:58:13-122
117            android:exported="false"
117-->[com.google.android.gms:play-services-ads-lite:23.2.0] AndroidManifest.xml:59:13-37
118            android:theme="@android:style/Theme.Translucent" />
118-->[com.google.android.gms:play-services-ads-lite:23.2.0] AndroidManifest.xml:60:13-61
119
120        <provider
120-->[com.google.android.gms:play-services-ads-lite:23.2.0] AndroidManifest.xml:63:9-68:43
121            android:name="com.google.android.gms.ads.MobileAdsInitProvider"
121-->[com.google.android.gms:play-services-ads-lite:23.2.0] AndroidManifest.xml:64:13-76
122            android:authorities="com.kundaliai.app.mobileadsinitprovider"
122-->[com.google.android.gms:play-services-ads-lite:23.2.0] AndroidManifest.xml:65:13-73
123            android:exported="false"
123-->[com.google.android.gms:play-services-ads-lite:23.2.0] AndroidManifest.xml:66:13-37
124            android:initOrder="100" />
124-->[com.google.android.gms:play-services-ads-lite:23.2.0] AndroidManifest.xml:67:13-36
125
126        <service
126-->[com.google.android.gms:play-services-ads-lite:23.2.0] AndroidManifest.xml:70:9-74:43
127            android:name="com.google.android.gms.ads.AdService"
127-->[com.google.android.gms:play-services-ads-lite:23.2.0] AndroidManifest.xml:71:13-64
128            android:enabled="true"
128-->[com.google.android.gms:play-services-ads-lite:23.2.0] AndroidManifest.xml:72:13-35
129            android:exported="false" />
129-->[com.google.android.gms:play-services-ads-lite:23.2.0] AndroidManifest.xml:73:13-37
130
131        <activity
131-->[com.google.android.gms:play-services-ads-lite:23.2.0] AndroidManifest.xml:76:9-80:43
132            android:name="com.google.android.gms.ads.OutOfContextTestingActivity"
132-->[com.google.android.gms:play-services-ads-lite:23.2.0] AndroidManifest.xml:77:13-82
133            android:configChanges="keyboard|keyboardHidden|orientation|screenLayout|uiMode|screenSize|smallestScreenSize"
133-->[com.google.android.gms:play-services-ads-lite:23.2.0] AndroidManifest.xml:78:13-122
134            android:exported="false" />
134-->[com.google.android.gms:play-services-ads-lite:23.2.0] AndroidManifest.xml:79:13-37
135        <activity
135-->[com.google.android.gms:play-services-ads-lite:23.2.0] AndroidManifest.xml:81:9-88:43
136            android:name="com.google.android.gms.ads.NotificationHandlerActivity"
136-->[com.google.android.gms:play-services-ads-lite:23.2.0] AndroidManifest.xml:82:13-82
137            android:excludeFromRecents="true"
137-->[com.google.android.gms:play-services-ads-lite:23.2.0] AndroidManifest.xml:83:13-46
138            android:exported="false"
138-->[com.google.android.gms:play-services-ads-lite:23.2.0] AndroidManifest.xml:84:13-37
139            android:launchMode="singleTask"
139-->[com.google.android.gms:play-services-ads-lite:23.2.0] AndroidManifest.xml:85:13-44
140            android:taskAffinity=""
140-->[com.google.android.gms:play-services-ads-lite:23.2.0] AndroidManifest.xml:86:13-36
141            android:theme="@android:style/Theme.Translucent.NoTitleBar" />
141-->[com.google.android.gms:play-services-ads-lite:23.2.0] AndroidManifest.xml:87:13-72
142
143        <property
143-->[com.google.android.gms:play-services-ads-lite:23.2.0] AndroidManifest.xml:90:9-92:62
144            android:name="android.adservices.AD_SERVICES_CONFIG"
144-->[com.google.android.gms:play-services-ads-lite:23.2.0] AndroidManifest.xml:91:13-65
145            android:resource="@xml/gma_ad_services_config" />
145-->[com.google.android.gms:play-services-ads-lite:23.2.0] AndroidManifest.xml:92:13-59
146
147        <activity
147-->[com.google.android.gms:play-services-base:18.3.0] AndroidManifest.xml:20:9-22:45
148            android:name="com.google.android.gms.common.api.GoogleApiActivity"
148-->[com.google.android.gms:play-services-base:18.3.0] AndroidManifest.xml:20:19-85
149            android:exported="false"
149-->[com.google.android.gms:play-services-base:18.3.0] AndroidManifest.xml:22:19-43
150            android:theme="@android:style/Theme.Translucent.NoTitleBar" />
150-->[com.google.android.gms:play-services-base:18.3.0] AndroidManifest.xml:21:19-78
151
152        <meta-data
152-->[com.google.android.gms:play-services-basement:18.3.0] AndroidManifest.xml:21:9-23:69
153            android:name="com.google.android.gms.version"
153-->[com.google.android.gms:play-services-basement:18.3.0] AndroidManifest.xml:22:13-58
154            android:value="@integer/google_play_services_version" />
154-->[com.google.android.gms:play-services-basement:18.3.0] AndroidManifest.xml:23:13-66
155
156        <provider
156-->[androidx.emoji2:emoji2:1.3.0] AndroidManifest.xml:24:9-32:20
157            android:name="androidx.startup.InitializationProvider"
157-->[androidx.emoji2:emoji2:1.3.0] AndroidManifest.xml:25:13-67
158            android:authorities="com.kundaliai.app.androidx-startup"
158-->[androidx.emoji2:emoji2:1.3.0] AndroidManifest.xml:26:13-68
159            android:exported="false" >
159-->[androidx.emoji2:emoji2:1.3.0] AndroidManifest.xml:27:13-37
160            <meta-data
160-->[androidx.emoji2:emoji2:1.3.0] AndroidManifest.xml:29:13-31:52
161                android:name="androidx.emoji2.text.EmojiCompatInitializer"
161-->[androidx.emoji2:emoji2:1.3.0] AndroidManifest.xml:30:17-75
162                android:value="androidx.startup" />
162-->[androidx.emoji2:emoji2:1.3.0] AndroidManifest.xml:31:17-49
163            <meta-data
163-->[androidx.work:work-runtime:2.7.0] AndroidManifest.xml:36:13-38:52
164                android:name="androidx.work.WorkManagerInitializer"
164-->[androidx.work:work-runtime:2.7.0] AndroidManifest.xml:37:17-68
165                android:value="androidx.startup" />
165-->[androidx.work:work-runtime:2.7.0] AndroidManifest.xml:38:17-49
166            <meta-data
166-->[androidx.lifecycle:lifecycle-process:2.8.3] AndroidManifest.xml:29:13-31:52
167                android:name="androidx.lifecycle.ProcessLifecycleInitializer"
167-->[androidx.lifecycle:lifecycle-process:2.8.3] AndroidManifest.xml:30:17-78
168                android:value="androidx.startup" />
168-->[androidx.lifecycle:lifecycle-process:2.8.3] AndroidManifest.xml:31:17-49
169            <meta-data
169-->[androidx.profileinstaller:profileinstaller:1.3.1] AndroidManifest.xml:29:13-31:52
170                android:name="androidx.profileinstaller.ProfileInstallerInitializer"
170-->[androidx.profileinstaller:profileinstaller:1.3.1] AndroidManifest.xml:30:17-85
171                android:value="androidx.startup" />
171-->[androidx.profileinstaller:profileinstaller:1.3.1] AndroidManifest.xml:31:17-49
172        </provider>
173
174        <service
174-->[androidx.work:work-runtime:2.7.0] AndroidManifest.xml:41:9-46:35
175            android:name="androidx.work.impl.background.systemalarm.SystemAlarmService"
175-->[androidx.work:work-runtime:2.7.0] AndroidManifest.xml:42:13-88
176            android:directBootAware="false"
176-->[androidx.work:work-runtime:2.7.0] AndroidManifest.xml:43:13-44
177            android:enabled="@bool/enable_system_alarm_service_default"
177-->[androidx.work:work-runtime:2.7.0] AndroidManifest.xml:44:13-72
178            android:exported="false" />
178-->[androidx.work:work-runtime:2.7.0] AndroidManifest.xml:45:13-37
179        <service
179-->[androidx.work:work-runtime:2.7.0] AndroidManifest.xml:47:9-53:35
180            android:name="androidx.work.impl.background.systemjob.SystemJobService"
180-->[androidx.work:work-runtime:2.7.0] AndroidManifest.xml:48:13-84
181            android:directBootAware="false"
181-->[androidx.work:work-runtime:2.7.0] AndroidManifest.xml:49:13-44
182            android:enabled="@bool/enable_system_job_service_default"
182-->[androidx.work:work-runtime:2.7.0] AndroidManifest.xml:50:13-70
183            android:exported="true"
183-->[androidx.work:work-runtime:2.7.0] AndroidManifest.xml:51:13-36
184            android:permission="android.permission.BIND_JOB_SERVICE" />
184-->[androidx.work:work-runtime:2.7.0] AndroidManifest.xml:52:13-69
185        <service
185-->[androidx.work:work-runtime:2.7.0] AndroidManifest.xml:54:9-59:35
186            android:name="androidx.work.impl.foreground.SystemForegroundService"
186-->[androidx.work:work-runtime:2.7.0] AndroidManifest.xml:55:13-81
187            android:directBootAware="false"
187-->[androidx.work:work-runtime:2.7.0] AndroidManifest.xml:56:13-44
188            android:enabled="@bool/enable_system_foreground_service_default"
188-->[androidx.work:work-runtime:2.7.0] AndroidManifest.xml:57:13-77
189            android:exported="false" />
189-->[androidx.work:work-runtime:2.7.0] AndroidManifest.xml:58:13-37
190
191        <receiver
191-->[androidx.work:work-runtime:2.7.0] AndroidManifest.xml:61:9-66:35
192            android:name="androidx.work.impl.utils.ForceStopRunnable$BroadcastReceiver"
192-->[androidx.work:work-runtime:2.7.0] AndroidManifest.xml:62:13-88
193            android:directBootAware="false"
193-->[androidx.work:work-runtime:2.7.0] AndroidManifest.xml:63:13-44
194            android:enabled="true"
194-->[androidx.work:work-runtime:2.7.0] AndroidManifest.xml:64:13-35
195            android:exported="false" />
195-->[androidx.work:work-runtime:2.7.0] AndroidManifest.xml:65:13-37
196        <receiver
196-->[androidx.work:work-runtime:2.7.0] AndroidManifest.xml:67:9-77:20
197            android:name="androidx.work.impl.background.systemalarm.ConstraintProxy$BatteryChargingProxy"
197-->[androidx.work:work-runtime:2.7.0] AndroidManifest.xml:68:13-106
198            android:directBootAware="false"
198-->[androidx.work:work-runtime:2.7.0] AndroidManifest.xml:69:13-44
199            android:enabled="false"
199-->[androidx.work:work-runtime:2.7.0] AndroidManifest.xml:70:13-36
200            android:exported="false" >
200-->[androidx.work:work-runtime:2.7.0] AndroidManifest.xml:71:13-37
201            <intent-filter>
201-->[androidx.work:work-runtime:2.7.0] AndroidManifest.xml:73:13-76:29
202                <action android:name="android.intent.action.ACTION_POWER_CONNECTED" />
202-->[androidx.work:work-runtime:2.7.0] AndroidManifest.xml:74:17-87
202-->[androidx.work:work-runtime:2.7.0] AndroidManifest.xml:74:25-84
203                <action android:name="android.intent.action.ACTION_POWER_DISCONNECTED" />
203-->[androidx.work:work-runtime:2.7.0] AndroidManifest.xml:75:17-90
203-->[androidx.work:work-runtime:2.7.0] AndroidManifest.xml:75:25-87
204            </intent-filter>
205        </receiver>
206        <receiver
206-->[androidx.work:work-runtime:2.7.0] AndroidManifest.xml:78:9-88:20
207            android:name="androidx.work.impl.background.systemalarm.ConstraintProxy$BatteryNotLowProxy"
207-->[androidx.work:work-runtime:2.7.0] AndroidManifest.xml:79:13-104
208            android:directBootAware="false"
208-->[androidx.work:work-runtime:2.7.0] AndroidManifest.xml:80:13-44
209            android:enabled="false"
209-->[androidx.work:work-runtime:2.7.0] AndroidManifest.xml:81:13-36
210            android:exported="false" >
210-->[androidx.work:work-runtime:2.7.0] AndroidManifest.xml:82:13-37
211            <intent-filter>
211-->[androidx.work:work-runtime:2.7.0] AndroidManifest.xml:84:13-87:29
212                <action android:name="android.intent.action.BATTERY_OKAY" />
212-->[androidx.work:work-runtime:2.7.0] AndroidManifest.xml:85:17-77
212-->[androidx.work:work-runtime:2.7.0] AndroidManifest.xml:85:25-74
213                <action android:name="android.intent.action.BATTERY_LOW" />
213-->[androidx.work:work-runtime:2.7.0] AndroidManifest.xml:86:17-76
213-->[androidx.work:work-runtime:2.7.0] AndroidManifest.xml:86:25-73
214            </intent-filter>
215        </receiver>
216        <receiver
216-->[androidx.work:work-runtime:2.7.0] AndroidManifest.xml:89:9-99:20
217            android:name="androidx.work.impl.background.systemalarm.ConstraintProxy$StorageNotLowProxy"
217-->[androidx.work:work-runtime:2.7.0] AndroidManifest.xml:90:13-104
218            android:directBootAware="false"
218-->[androidx.work:work-runtime:2.7.0] AndroidManifest.xml:91:13-44
219            android:enabled="false"
219-->[androidx.work:work-runtime:2.7.0] AndroidManifest.xml:92:13-36
220            android:exported="false" >
220-->[androidx.work:work-runtime:2.7.0] AndroidManifest.xml:93:13-37
221            <intent-filter>
221-->[androidx.work:work-runtime:2.7.0] AndroidManifest.xml:95:13-98:29
222                <action android:name="android.intent.action.DEVICE_STORAGE_LOW" />
222-->[androidx.work:work-runtime:2.7.0] AndroidManifest.xml:96:17-83
222-->[androidx.work:work-runtime:2.7.0] AndroidManifest.xml:96:25-80
223                <action android:name="android.intent.action.DEVICE_STORAGE_OK" />
223-->[androidx.work:work-runtime:2.7.0] AndroidManifest.xml:97:17-82
223-->[androidx.work:work-runtime:2.7.0] AndroidManifest.xml:97:25-79
224            </intent-filter>
225        </receiver>
226        <receiver
226-->[androidx.work:work-runtime:2.7.0] AndroidManifest.xml:100:9-109:20
227            android:name="androidx.work.impl.background.systemalarm.ConstraintProxy$NetworkStateProxy"
227-->[androidx.work:work-runtime:2.7.0] AndroidManifest.xml:101:13-103
228            android:directBootAware="false"
228-->[androidx.work:work-runtime:2.7.0] AndroidManifest.xml:102:13-44
229            android:enabled="false"
229-->[androidx.work:work-runtime:2.7.0] AndroidManifest.xml:103:13-36
230            android:exported="false" >
230-->[androidx.work:work-runtime:2.7.0] AndroidManifest.xml:104:13-37
231            <intent-filter>
231-->[androidx.work:work-runtime:2.7.0] AndroidManifest.xml:106:13-108:29
232                <action android:name="android.net.conn.CONNECTIVITY_CHANGE" />
232-->[androidx.work:work-runtime:2.7.0] AndroidManifest.xml:107:17-79
232-->[androidx.work:work-runtime:2.7.0] AndroidManifest.xml:107:25-76
233            </intent-filter>
234        </receiver>
235        <receiver
235-->[androidx.work:work-runtime:2.7.0] AndroidManifest.xml:110:9-121:20
236            android:name="androidx.work.impl.background.systemalarm.RescheduleReceiver"
236-->[androidx.work:work-runtime:2.7.0] AndroidManifest.xml:111:13-88
237            android:directBootAware="false"
237-->[androidx.work:work-runtime:2.7.0] AndroidManifest.xml:112:13-44
238            android:enabled="false"
238-->[androidx.work:work-runtime:2.7.0] AndroidManifest.xml:113:13-36
239            android:exported="false" >
239-->[androidx.work:work-runtime:2.7.0] AndroidManifest.xml:114:13-37
240            <intent-filter>
240-->[androidx.work:work-runtime:2.7.0] AndroidManifest.xml:116:13-120:29
241                <action android:name="android.intent.action.BOOT_COMPLETED" />
241-->[androidx.work:work-runtime:2.7.0] AndroidManifest.xml:117:17-79
241-->[androidx.work:work-runtime:2.7.0] AndroidManifest.xml:117:25-76
242                <action android:name="android.intent.action.TIME_SET" />
242-->[androidx.work:work-runtime:2.7.0] AndroidManifest.xml:118:17-73
242-->[androidx.work:work-runtime:2.7.0] AndroidManifest.xml:118:25-70
243                <action android:name="android.intent.action.TIMEZONE_CHANGED" />
243-->[androidx.work:work-runtime:2.7.0] AndroidManifest.xml:119:17-81
243-->[androidx.work:work-runtime:2.7.0] AndroidManifest.xml:119:25-78
244            </intent-filter>
245        </receiver>
246        <receiver
246-->[androidx.work:work-runtime:2.7.0] AndroidManifest.xml:122:9-131:20
247            android:name="androidx.work.impl.background.systemalarm.ConstraintProxyUpdateReceiver"
247-->[androidx.work:work-runtime:2.7.0] AndroidManifest.xml:123:13-99
248            android:directBootAware="false"
248-->[androidx.work:work-runtime:2.7.0] AndroidManifest.xml:124:13-44
249            android:enabled="@bool/enable_system_alarm_service_default"
249-->[androidx.work:work-runtime:2.7.0] AndroidManifest.xml:125:13-72
250            android:exported="false" >
250-->[androidx.work:work-runtime:2.7.0] AndroidManifest.xml:126:13-37
251            <intent-filter>
251-->[androidx.work:work-runtime:2.7.0] AndroidManifest.xml:128:13-130:29
252                <action android:name="androidx.work.impl.background.systemalarm.UpdateProxies" />
252-->[androidx.work:work-runtime:2.7.0] AndroidManifest.xml:129:17-98
252-->[androidx.work:work-runtime:2.7.0] AndroidManifest.xml:129:25-95
253            </intent-filter>
254        </receiver>
255        <receiver
255-->[androidx.work:work-runtime:2.7.0] AndroidManifest.xml:132:9-142:20
256            android:name="androidx.work.impl.diagnostics.DiagnosticsReceiver"
256-->[androidx.work:work-runtime:2.7.0] AndroidManifest.xml:133:13-78
257            android:directBootAware="false"
257-->[androidx.work:work-runtime:2.7.0] AndroidManifest.xml:134:13-44
258            android:enabled="true"
258-->[androidx.work:work-runtime:2.7.0] AndroidManifest.xml:135:13-35
259            android:exported="true"
259-->[androidx.work:work-runtime:2.7.0] AndroidManifest.xml:136:13-36
260            android:permission="android.permission.DUMP" >
260-->[androidx.work:work-runtime:2.7.0] AndroidManifest.xml:137:13-57
261            <intent-filter>
261-->[androidx.work:work-runtime:2.7.0] AndroidManifest.xml:139:13-141:29
262                <action android:name="androidx.work.diagnostics.REQUEST_DIAGNOSTICS" />
262-->[androidx.work:work-runtime:2.7.0] AndroidManifest.xml:140:17-88
262-->[androidx.work:work-runtime:2.7.0] AndroidManifest.xml:140:25-85
263            </intent-filter>
264        </receiver>
265
266        <uses-library
266-->[androidx.privacysandbox.ads:ads-adservices:1.0.0-beta05] AndroidManifest.xml:23:9-25:40
267            android:name="android.ext.adservices"
267-->[androidx.privacysandbox.ads:ads-adservices:1.0.0-beta05] AndroidManifest.xml:24:13-50
268            android:required="false" />
268-->[androidx.privacysandbox.ads:ads-adservices:1.0.0-beta05] AndroidManifest.xml:25:13-37
269
270        <receiver
270-->[androidx.profileinstaller:profileinstaller:1.3.1] AndroidManifest.xml:34:9-52:20
271            android:name="androidx.profileinstaller.ProfileInstallReceiver"
271-->[androidx.profileinstaller:profileinstaller:1.3.1] AndroidManifest.xml:35:13-76
272            android:directBootAware="false"
272-->[androidx.profileinstaller:profileinstaller:1.3.1] AndroidManifest.xml:36:13-44
273            android:enabled="true"
273-->[androidx.profileinstaller:profileinstaller:1.3.1] AndroidManifest.xml:37:13-35
274            android:exported="true"